[35m[1mScanning dependencies of target dynamic_reconfigure_gencfg[0m
[35m[1mScanning dependencies of target visualization_msgs_generate_messages_nodejs[0m
[35m[1mScanning dependencies of target mav_linear_mpc_gencfg[0m
[35m[1mScanning dependencies of target mav_disturbance_observer_generate_messages_lisp[0m
[35m[1mScanning dependencies of target visualization_msgs_generate_messages_lisp[0m
[35m[1mScanning dependencies of target std_srvs_generate_messages_eus[0m
[35m[1mScanning dependencies of target std_srvs_generate_messages_lisp[0m
[35m[1mScanning dependencies of target std_srvs_generate_messages_nodejs[0m
[35m[1mScanning dependencies of target sensor_msgs_generate_messages_nodejs[0m
[35m[1mScanning dependencies of target dynamic_reconfigure_generate_messages_cpp[0m
[35m[1mScanning dependencies of target visualization_msgs_generate_messages_py[0m
[  8%] [34m[1mGenerating dynamic reconfigure files from cfg/LinearMPC.cfg: /home/jitesh/catkin_ws/devel/.private/mav_linear_mpc/include/mav_linear_mpc/LinearMPCConfig.h /home/jitesh/catkin_ws/devel/.private/mav_linear_mpc/lib/python3/dist-packages/mav_linear_mpc/cfg/LinearMPCConfig.py[0m
[  8%] Built target dynamic_reconfigure_gencfg
[  8%] Built target std_srvs_generate_messages_lisp
[  8%] Built target visualization_msgs_generate_messages_lisp
[  8%] Built target mav_disturbance_observer_generate_messages_lisp
[  8%] Built target sensor_msgs_generate_messages_nodejs
[  8%] Built target std_srvs_generate_messages_nodejs
[  8%] Built target dynamic_reconfigure_generate_messages_cpp
[  8%] Built target visualization_msgs_generate_messages_nodejs
[  8%] Built target visualization_msgs_generate_messages_py
[  8%] Built target std_srvs_generate_messages_eus
[35m[1mScanning dependencies of target dynamic_reconfigure_generate_messages_nodejs[0m
[35m[1mScanning dependencies of target tf2_msgs_generate_messages_py[0m
[35m[1mScanning dependencies of target actionlib_generate_messages_nodejs[0m
[35m[1mScanning dependencies of target tf2_msgs_generate_messages_lisp[0m
[35m[1mScanning dependencies of target actionlib_generate_messages_py[0m
[35m[1mScanning dependencies of target tf2_msgs_generate_messages_nodejs[0m
[35m[1mScanning dependencies of target tf2_msgs_generate_messages_cpp[0m
[35m[1mScanning dependencies of target dynamic_reconfigure_generate_messages_lisp[0m
[  8%] Built target dynamic_reconfigure_generate_messages_nodejs
[  8%] Built target tf2_msgs_generate_messages_py
[  8%] Built target actionlib_generate_messages_nodejs
[  8%] Built target tf2_msgs_generate_messages_lisp
[35m[1mScanning dependencies of target trajectory_msgs_generate_messages_nodejs[0m
[  8%] Built target actionlib_generate_messages_py
[35m[1mScanning dependencies of target trajectory_msgs_generate_messages_lisp[0m
[35m[1mScanning dependencies of target visualization_msgs_generate_messages_eus[0m
[  8%] Built target tf2_msgs_generate_messages_nodejs
[35m[1mScanning dependencies of target nav_msgs_generate_messages_cpp[0m
[  8%] Built target tf2_msgs_generate_messages_cpp
[35m[1mScanning dependencies of target rosgraph_msgs_generate_messages_eus[0m
[35m[1mScanning dependencies of target std_srvs_generate_messages_py[0m
[  8%] Built target dynamic_reconfigure_generate_messages_lisp
[  8%] Built target trajectory_msgs_generate_messages_lisp
[  8%] Built target trajectory_msgs_generate_messages_nodejs
[  8%] Built target visualization_msgs_generate_messages_eus
[35m[1mScanning dependencies of target geometry_msgs_generate_messages_py[0m
[  8%] Built target nav_msgs_generate_messages_cpp
[  8%] Built target rosgraph_msgs_generate_messages_eus
[35m[1mScanning dependencies of target geometry_msgs_generate_messages_eus[0m
[35m[1mScanning dependencies of target tf2_msgs_generate_messages_eus[0m
[35m[1mScanning dependencies of target sensor_msgs_generate_messages_py[0m
Generating reconfiguration files for LinearMPC in mav_linear_mpc
[  8%] Built target std_srvs_generate_messages_py
[35m[1mScanning dependencies of target std_msgs_generate_messages_nodejs[0m
[  8%] Built target geometry_msgs_generate_messages_py
[35m[1mScanning dependencies of target geometry_msgs_generate_messages_cpp[0m
[  8%] Built target tf2_msgs_generate_messages_eus
Wrote header file in /home/jitesh/catkin_ws/devel/.private/mav_linear_mpc/include/mav_linear_mpc/LinearMPCConfig.h
[35m[1mScanning dependencies of target mav_disturbance_observer_gencfg[0m
[  8%] Built target sensor_msgs_generate_messages_py
[  8%] Built target geometry_msgs_generate_messages_eus
[35m[1mScanning dependencies of target geometry_msgs_generate_messages_lisp[0m
[35m[1mScanning dependencies of target std_msgs_generate_messages_py[0m
[35m[1mScanning dependencies of target mav_disturbance_observer_generate_messages_nodejs[0m
[  8%] Built target std_msgs_generate_messages_nodejs
[35m[1mScanning dependencies of target actionlib_generate_messages_lisp[0m
[35m[1mScanning dependencies of target tf_generate_messages_cpp[0m
[  8%] Built target geometry_msgs_generate_messages_cpp
[  8%] Built target mav_disturbance_observer_gencfg
[  8%] Built target std_msgs_generate_messages_py
[  8%] Built target geometry_msgs_generate_messages_lisp
[  8%] Built target tf_generate_messages_cpp
[  8%] Built target actionlib_generate_messages_lisp
[35m[1mScanning dependencies of target roscpp_generate_messages_lisp[0m
[35m[1mScanning dependencies of target dynamic_reconfigure_generate_messages_py[0m
[  8%] Built target mav_disturbance_observer_generate_messages_nodejs
[35m[1mScanning dependencies of target actionlib_msgs_generate_messages_eus[0m
[35m[1mScanning dependencies of target std_msgs_generate_messages_lisp[0m
[35m[1mScanning dependencies of target std_srvs_generate_messages_cpp[0m
[35m[1mScanning dependencies of target mav_msgs_generate_messages_lisp[0m
[35m[1mScanning dependencies of target rosgraph_msgs_generate_messages_py[0m
[35m[1mScanning dependencies of target dynamic_reconfigure_generate_messages_eus[0m
[  8%] Built target std_msgs_generate_messages_lisp
[  8%] Built target roscpp_generate_messages_lisp
[  8%] Built target actionlib_msgs_generate_messages_eus
[  8%] Built target dynamic_reconfigure_generate_messages_py
[35m[1mScanning dependencies of target geometry_msgs_generate_messages_nodejs[0m
[  8%] Built target mav_linear_mpc_gencfg
[  8%] Built target mav_msgs_generate_messages_lisp
[  8%] Built target std_srvs_generate_messages_cpp
[  8%] Built target dynamic_reconfigure_generate_messages_eus
[35m[1mScanning dependencies of target mav_msgs_generate_messages_eus[0m
[35m[1mScanning dependencies of target std_msgs_generate_messages_cpp[0m
[  8%] Built target geometry_msgs_generate_messages_nodejs
[  8%] Built target rosgraph_msgs_generate_messages_py
[35m[1mScanning dependencies of target mav_msgs_generate_messages_cpp[0m
[35m[1mScanning dependencies of target rosgraph_msgs_generate_messages_lisp[0m
[35m[1mScanning dependencies of target nav_msgs_generate_messages_eus[0m
[35m[1mScanning dependencies of target roscpp_generate_messages_cpp[0m
[35m[1mScanning dependencies of target mav_msgs_generate_messages_py[0m
[35m[1mScanning dependencies of target tf_generate_messages_eus[0m
[  8%] Built target mav_msgs_generate_messages_cpp
[  8%] Built target mav_msgs_generate_messages_eus
[35m[1mScanning dependencies of target trajectory_msgs_generate_messages_cpp[0m
[  8%] Built target std_msgs_generate_messages_cpp
[35m[1mScanning dependencies of target nav_msgs_generate_messages_lisp[0m
[  8%] Built target rosgraph_msgs_generate_messages_lisp
[  8%] Built target tf_generate_messages_eus
[  8%] Built target mav_msgs_generate_messages_py
[  8%] Built target nav_msgs_generate_messages_eus
[  8%] Built target roscpp_generate_messages_cpp
[35m[1mScanning dependencies of target actionlib_msgs_generate_messages_py[0m
[  8%] Built target trajectory_msgs_generate_messages_cpp
[35m[1mScanning dependencies of target rosgraph_msgs_generate_messages_nodejs[0m
[35m[1mScanning dependencies of target roscpp_generate_messages_eus[0m
[35m[1mScanning dependencies of target actionlib_msgs_generate_messages_cpp[0m
[35m[1mScanning dependencies of target mav_msgs_generate_messages_nodejs[0m
[35m[1mScanning dependencies of target trajectory_msgs_generate_messages_eus[0m
[35m[1mScanning dependencies of target actionlib_generate_messages_cpp[0m
[  8%] Built target nav_msgs_generate_messages_lisp
[35m[1mScanning dependencies of target mav_disturbance_observer_generate_messages_cpp[0m
[35m[1mScanning dependencies of target roscpp_generate_messages_nodejs[0m
[35m[1mScanning dependencies of target roscpp_generate_messages_py[0m
[  8%] Built target rosgraph_msgs_generate_messages_nodejs
[  8%] Built target actionlib_msgs_generate_messages_cpp
[  8%] Built target actionlib_msgs_generate_messages_py
[  8%] Built target roscpp_generate_messages_eus
[  8%] Built target mav_msgs_generate_messages_nodejs
[  8%] Built target roscpp_generate_messages_nodejs
[  8%] Built target roscpp_generate_messages_py
[  8%] Built target actionlib_generate_messages_cpp
[  8%] Built target trajectory_msgs_generate_messages_eus
[35m[1mScanning dependencies of target actionlib_msgs_generate_messages_lisp[0m
[35m[1mScanning dependencies of target std_msgs_generate_messages_eus[0m
[35m[1mScanning dependencies of target actionlib_msgs_generate_messages_nodejs[0m
[  8%] Built target mav_disturbance_observer_generate_messages_cpp
[35m[1mScanning dependencies of target tf_generate_messages_py[0m
[  8%] Built target std_msgs_generate_messages_eus
[  8%] Built target actionlib_msgs_generate_messages_lisp
[35m[1mScanning dependencies of target actionlib_generate_messages_eus[0m
[35m[1mScanning dependencies of target trajectory_msgs_generate_messages_py[0m
[35m[1mScanning dependencies of target mav_disturbance_observer_generate_messages_py[0m
[  8%] Built target actionlib_msgs_generate_messages_nodejs
[35m[1mScanning dependencies of target nav_msgs_generate_messages_py[0m
[  8%] Built target tf_generate_messages_py
[35m[1mScanning dependencies of target tf_generate_messages_lisp[0m
[35m[1mScanning dependencies of target tf_generate_messages_nodejs[0m
[35m[1mScanning dependencies of target nav_msgs_generate_messages_nodejs[0m
[  8%] Built target trajectory_msgs_generate_messages_py
[35m[1mScanning dependencies of target rosgraph_msgs_generate_messages_cpp[0m
[  8%] Built target actionlib_generate_messages_eus
[35m[1mScanning dependencies of target mav_disturbance_observer_generate_messages_eus[0m
[  8%] Built target mav_disturbance_observer_generate_messages_py
[35m[1mScanning dependencies of target sensor_msgs_generate_messages_cpp[0m
[  8%] Built target tf_generate_messages_lisp
[  8%] Built target nav_msgs_generate_messages_py
[  8%] Built target rosgraph_msgs_generate_messages_cpp
[  8%] Built target tf_generate_messages_nodejs
[35m[1mScanning dependencies of target sensor_msgs_generate_messages_lisp[0m
[  8%] Built target nav_msgs_generate_messages_nodejs
[35m[1mScanning dependencies of target visualization_msgs_generate_messages_cpp[0m
[  8%] Built target mav_disturbance_observer_generate_messages_eus
[  8%] Built target sensor_msgs_generate_messages_cpp
[35m[1mScanning dependencies of target sensor_msgs_generate_messages_eus[0m
[  8%] Built target sensor_msgs_generate_messages_lisp
[  8%] Built target visualization_msgs_generate_messages_cpp
[  8%] Built target sensor_msgs_generate_messages_eus
[35m[1mScanning dependencies of target cvxgen_solver[0m
[ 33%] [32mBuilding C object CMakeFiles/cvxgen_solver.dir/lib/ldl.c.o[0m
[ 33%] [32mBuilding C object CMakeFiles/cvxgen_solver.dir/lib/util.c.o[0m
[ 33%] [32mBuilding C object CMakeFiles/cvxgen_solver.dir/lib/variables_definition.c.o[0m
[ 41%] [32mBuilding C object CMakeFiles/cvxgen_solver.dir/lib/matrix_support.c.o[0m
[ 50%] [32mBuilding C object CMakeFiles/cvxgen_solver.dir/lib/solver.c.o[0m
[ 58%] [32m[1mLinking C shared library /home/jitesh/catkin_ws/devel/.private/mav_linear_mpc/lib/libcvxgen_solver.so[0m
[ 58%] Built target cvxgen_solver
[35m[1mScanning dependencies of target mav_linear_mpc[0m
[ 75%] [32mBuilding CXX object CMakeFiles/mav_linear_mpc.dir/src/steady_state_calculation.cpp.o[0m
[ 75%] [32mBuilding CXX object CMakeFiles/mav_linear_mpc.dir/src/linear_mpc.cpp.o[0m
[ 83%] [32m[1mLinking CXX shared library /home/jitesh/catkin_ws/devel/.private/mav_linear_mpc/lib/libmav_linear_mpc.so[0m
[ 83%] Built target mav_linear_mpc
[35m[1mScanning dependencies of target mav_linear_mpc_node[0m
[ 91%] [32mBuilding CXX object CMakeFiles/mav_linear_mpc_node.dir/src/linear_mpc_node.cpp.o[0m
[100%] [32m[1mLinking CXX executable /home/jitesh/catkin_ws/devel/.private/mav_linear_mpc/lib/mav_linear_mpc/mav_linear_mpc_node[0m
[100%] Built target mav_linear_mpc_node
