[35m[1mScanning dependencies of target _brginner_tutorials_generate_messages_check_deps_Num[0m
[35m[1mScanning dependencies of target _brginner_tutorials_generate_messages_check_deps_AddTwoInts[0m
[35m[1mScanning dependencies of target std_msgs_generate_messages_cpp[0m
[35m[1mScanning dependencies of target std_msgs_generate_messages_eus[0m
[35m[1mScanning dependencies of target std_msgs_generate_messages_nodejs[0m
[35m[1mScanning dependencies of target std_msgs_generate_messages_py[0m
[35m[1mScanning dependencies of target std_msgs_generate_messages_lisp[0m
[  0%] Built target std_msgs_generate_messages_cpp
[  0%] Built target _brginner_tutorials_generate_messages_check_deps_Num
[  0%] Built target std_msgs_generate_messages_lisp
[  0%] Built target std_msgs_generate_messages_py
[  0%] Built target std_msgs_generate_messages_nodejs
[  0%] Built target std_msgs_generate_messages_eus
[  0%] Built target _brginner_tutorials_generate_messages_check_deps_AddTwoInts
[35m[1mScanning dependencies of target brginner_tutorials_generate_messages_cpp[0m
[35m[1mScanning dependencies of target brginner_tutorials_generate_messages_py[0m
[35m[1mScanning dependencies of target brginner_tutorials_generate_messages_nodejs[0m
[35m[1mScanning dependencies of target brginner_tutorials_generate_messages_lisp[0m
[  4%] [34m[1mGenerating C++ code from brginner_tutorials/Num.msg[0m
[ 14%] [34m[1mGenerating C++ code from brginner_tutorials/AddTwoInts.srv[0m
[ 14%] [34m[1mGenerating Javascript code from brginner_tutorials/Num.msg[0m
[ 23%] [34m[1mGenerating Python code from SRV brginner_tutorials/AddTwoInts[0m
[ 23%] [34m[1mGenerating Python from MSG brginner_tutorials/Num[0m
[35m[1mScanning dependencies of target brginner_tutorials_generate_messages_eus[0m
[ 28%] [34m[1mGenerating Lisp code from brginner_tutorials/Num.msg[0m
[ 33%] [34m[1mGenerating Javascript code from brginner_tutorials/AddTwoInts.srv[0m
[ 38%] [34m[1mGenerating EusLisp code from brginner_tutorials/Num.msg[0m
[ 42%] [34m[1mGenerating Lisp code from brginner_tutorials/AddTwoInts.srv[0m
[ 47%] [34m[1mGenerating EusLisp code from brginner_tutorials/AddTwoInts.srv[0m
[ 47%] Built target brginner_tutorials_generate_messages_nodejs
[ 52%] [34m[1mGenerating EusLisp manifest code for brginner_tutorials[0m
[ 52%] Built target brginner_tutorials_generate_messages_lisp
[ 52%] Built target brginner_tutorials_generate_messages_cpp
[35m[1mScanning dependencies of target brginner_tutorials_gencpp[0m
[ 52%] Built target brginner_tutorials_gencpp
[35m[1mScanning dependencies of target listener[0m
[ 57%] [34m[1mGenerating Python msg __init__.py for brginner_tutorials[0m
[35m[1mScanning dependencies of target talker[0m
[ 61%] [34m[1mGenerating Python srv __init__.py for brginner_tutorials[0m
[ 66%] [32mBuilding CXX object CMakeFiles/talker.dir/src/talker.cpp.o[0m
[ 71%] [32mBuilding CXX object CMakeFiles/listener.dir/src/listener.cpp.o[0m
[35m[1mScanning dependencies of target add_two_ints_client[0m
[ 76%] [32mBuilding CXX object CMakeFiles/add_two_ints_client.dir/src/add_two_ints_client.cpp.o[0m
[ 76%] Built target brginner_tutorials_generate_messages_py
[35m[1mScanning dependencies of target add_two_ints_server[0m
[ 80%] [32mBuilding CXX object CMakeFiles/add_two_ints_server.dir/src/add_two_ints_server.cpp.o[0m
[ 80%] Built target brginner_tutorials_generate_messages_eus
[35m[1mScanning dependencies of target brginner_tutorials_generate_messages[0m
[ 80%] Built target brginner_tutorials_generate_messages
[ 85%] [32m[1mLinking CXX executable /home/jitesh/catkin_ws/devel/.private/brginner_tutorials/lib/brginner_tutorials/talker[0m
[ 90%] [32m[1mLinking CXX executable /home/jitesh/catkin_ws/devel/.private/brginner_tutorials/lib/brginner_tutorials/add_two_ints_client[0m
[ 90%] Built target add_two_ints_client
[ 90%] Built target talker
[ 95%] [32m[1mLinking CXX executable /home/jitesh/catkin_ws/devel/.private/brginner_tutorials/lib/brginner_tutorials/listener[0m
[100%] [32m[1mLinking CXX executable /home/jitesh/catkin_ws/devel/.private/brginner_tutorials/lib/brginner_tutorials/add_two_ints_server[0m
[100%] Built target listener
[100%] Built target add_two_ints_server
