Symlinking /home/jitesh/catkin_ws/devel/share/common-lisp/ros/brginner_tutorials/srv/_package.lisp
Symlinking /home/jitesh/catkin_ws/devel/share/common-lisp/ros/brginner_tutorials/srv/brginner_tutorials-srv.asd
Symlinking /home/jitesh/catkin_ws/devel/share/common-lisp/ros/brginner_tutorials/srv/_package_AddTwoInts.lisp
Symlinking /home/jitesh/catkin_ws/devel/share/common-lisp/ros/brginner_tutorials/srv/AddTwoInts.lisp
Symlinking /home/jitesh/catkin_ws/devel/share/common-lisp/ros/brginner_tutorials/msg/_package.lisp
Symlinking /home/jitesh/catkin_ws/devel/share/common-lisp/ros/brginner_tutorials/msg/_package_Num.lisp
Symlinking /home/jitesh/catkin_ws/devel/share/common-lisp/ros/brginner_tutorials/msg/brginner_tutorials-msg.asd
Symlinking /home/jitesh/catkin_ws/devel/share/common-lisp/ros/brginner_tutorials/msg/Num.lisp
Symlinking /home/jitesh/catkin_ws/devel/share/roseus/ros/brginner_tutorials/manifest.l
Symlinking /home/jitesh/catkin_ws/devel/share/roseus/ros/brginner_tutorials/srv/AddTwoInts.l
Symlinking /home/jitesh/catkin_ws/devel/share/roseus/ros/brginner_tutorials/msg/Num.l
Symlinking /home/jitesh/catkin_ws/devel/share/gennodejs/ros/brginner_tutorials/_index.js
Symlinking /home/jitesh/catkin_ws/devel/share/gennodejs/ros/brginner_tutorials/srv/AddTwoInts.js
Symlinking /home/jitesh/catkin_ws/devel/share/gennodejs/ros/brginner_tutorials/srv/_index.js
Symlinking /home/jitesh/catkin_ws/devel/share/gennodejs/ros/brginner_tutorials/msg/_index.js
Symlinking /home/jitesh/catkin_ws/devel/share/gennodejs/ros/brginner_tutorials/msg/Num.js
Symlinking /home/jitesh/catkin_ws/devel/share/brginner_tutorials/cmake/brginner_tutorials-msg-paths.cmake
Symlinking /home/jitesh/catkin_ws/devel/share/brginner_tutorials/cmake/brginner_tutorialsConfig-version.cmake
Symlinking /home/jitesh/catkin_ws/devel/share/brginner_tutorials/cmake/brginner_tutorialsConfig.cmake
Symlinking /home/jitesh/catkin_ws/devel/share/brginner_tutorials/cmake/brginner_tutorials-msg-extras.cmake
Symlinking /home/jitesh/catkin_ws/devel/lib/python3/dist-packages/brginner_tutorials/__init__.py
Symlinking /home/jitesh/catkin_ws/devel/lib/python3/dist-packages/brginner_tutorials/srv/_AddTwoInts.py
Symlinking /home/jitesh/catkin_ws/devel/lib/python3/dist-packages/brginner_tutorials/srv/__init__.py
Symlinking /home/jitesh/catkin_ws/devel/lib/python3/dist-packages/brginner_tutorials/msg/__init__.py
Symlinking /home/jitesh/catkin_ws/devel/lib/python3/dist-packages/brginner_tutorials/msg/_Num.py
Symlinking /home/jitesh/catkin_ws/devel/lib/pkgconfig/brginner_tutorials.pc
Symlinking /home/jitesh/catkin_ws/devel/lib/brginner_tutorials/add_two_ints_client
Symlinking /home/jitesh/catkin_ws/devel/lib/brginner_tutorials/add_two_ints_server
Symlinking /home/jitesh/catkin_ws/devel/lib/brginner_tutorials/talker
Symlinking /home/jitesh/catkin_ws/devel/lib/brginner_tutorials/listener
Symlinking /home/jitesh/catkin_ws/devel/include/brginner_tutorials/AddTwoIntsResponse.h
Symlinking /home/jitesh/catkin_ws/devel/include/brginner_tutorials/Num.h
Symlinking /home/jitesh/catkin_ws/devel/include/brginner_tutorials/AddTwoInts.h
Symlinking /home/jitesh/catkin_ws/devel/include/brginner_tutorials/AddTwoIntsRequest.h
