[35m[1mScanning dependencies of target roscpp_generate_messages_cpp[0m
[35m[1mScanning dependencies of target _mav_disturbance_observer_generate_messages_check_deps_ObserverState[0m
[35m[1mScanning dependencies of target tf_generate_messages_cpp[0m
[35m[1mScanning dependencies of target tf_generate_messages_lisp[0m
[35m[1mScanning dependencies of target mav_msgs_generate_messages_cpp[0m
[35m[1mScanning dependencies of target mav_msgs_generate_messages_lisp[0m
[35m[1mScanning dependencies of target roscpp_generate_messages_lisp[0m
[35m[1mScanning dependencies of target dynamic_reconfigure_generate_messages_lisp[0m
[35m[1mScanning dependencies of target dynamic_reconfigure_generate_messages_cpp[0m
[35m[1mScanning dependencies of target roscpp_generate_messages_eus[0m
[  0%] Built target roscpp_generate_messages_cpp
[  0%] Built target tf_generate_messages_cpp
[  0%] Built target tf_generate_messages_lisp
[  0%] Built target roscpp_generate_messages_eus
[  0%] Built target roscpp_generate_messages_lisp
[  0%] Built target mav_msgs_generate_messages_lisp
[  0%] Built target dynamic_reconfigure_generate_messages_cpp
[  0%] Built target dynamic_reconfigure_generate_messages_lisp
[35m[1mScanning dependencies of target mav_msgs_generate_messages_eus[0m
[35m[1mScanning dependencies of target mav_msgs_generate_messages_nodejs[0m
[35m[1mScanning dependencies of target tf_generate_messages_eus[0m
[35m[1mScanning dependencies of target dynamic_reconfigure_generate_messages_eus[0m
[35m[1mScanning dependencies of target tf_generate_messages_nodejs[0m
[  0%] Built target mav_msgs_generate_messages_cpp
[  0%] Built target _mav_disturbance_observer_generate_messages_check_deps_ObserverState
[  0%] Built target mav_msgs_generate_messages_eus
[35m[1mScanning dependencies of target dynamic_reconfigure_generate_messages_nodejs[0m
[  0%] Built target tf_generate_messages_nodejs
[  0%] Built target tf_generate_messages_eus
[35m[1mScanning dependencies of target tf_generate_messages_py[0m
[35m[1mScanning dependencies of target roscpp_generate_messages_nodejs[0m
[  0%] Built target mav_msgs_generate_messages_nodejs
[  0%] Built target dynamic_reconfigure_generate_messages_eus
[  0%] Built target roscpp_generate_messages_nodejs
[35m[1mScanning dependencies of target mav_msgs_generate_messages_py[0m
[  0%] Built target dynamic_reconfigure_generate_messages_nodejs
[  0%] Built target tf_generate_messages_py
[35m[1mScanning dependencies of target dynamic_reconfigure_generate_messages_py[0m
[35m[1mScanning dependencies of target roscpp_generate_messages_py[0m
[  0%] Built target dynamic_reconfigure_generate_messages_py
[  0%] Built target roscpp_generate_messages_py
[  0%] Built target mav_msgs_generate_messages_py
[35m[1mScanning dependencies of target tf2_msgs_generate_messages_nodejs[0m
[35m[1mScanning dependencies of target tf2_msgs_generate_messages_lisp[0m
[35m[1mScanning dependencies of target actionlib_generate_messages_py[0m
[  0%] Built target tf2_msgs_generate_messages_nodejs
[  0%] Built target tf2_msgs_generate_messages_lisp
[35m[1mScanning dependencies of target tf2_msgs_generate_messages_eus[0m
[35m[1mScanning dependencies of target actionlib_generate_messages_nodejs[0m
[35m[1mScanning dependencies of target sensor_msgs_generate_messages_py[0m
[  0%] Built target actionlib_generate_messages_py
[  0%] Built target tf2_msgs_generate_messages_eus
[  0%] Built target actionlib_generate_messages_nodejs
[  0%] Built target sensor_msgs_generate_messages_py
[35m[1mScanning dependencies of target sensor_msgs_generate_messages_nodejs[0m
[35m[1mScanning dependencies of target sensor_msgs_generate_messages_lisp[0m
[  0%] Built target sensor_msgs_generate_messages_nodejs
[35m[1mScanning dependencies of target sensor_msgs_generate_messages_eus[0m
[35m[1mScanning dependencies of target geometry_msgs_generate_messages_eus[0m
[  0%] Built target sensor_msgs_generate_messages_lisp
[35m[1mScanning dependencies of target std_msgs_generate_messages_nodejs[0m
[  0%] Built target sensor_msgs_generate_messages_eus
[35m[1mScanning dependencies of target actionlib_generate_messages_cpp[0m
[  0%] Built target std_msgs_generate_messages_nodejs
[  0%] Built target geometry_msgs_generate_messages_eus
[35m[1mScanning dependencies of target mav_disturbance_observer_gencfg[0m
[  0%] Built target actionlib_generate_messages_cpp
[35m[1mScanning dependencies of target std_msgs_generate_messages_cpp[0m
[35m[1mScanning dependencies of target std_msgs_generate_messages_py[0m
[ 10%] [34m[1mGenerating dynamic reconfigure files from cfg/KFDisturbanceObserver.cfg: /home/jitesh/catkin_ws/devel/.private/mav_disturbance_observer/include/mav_disturbance_observer/KFDisturbanceObserverConfig.h /home/jitesh/catkin_ws/devel/.private/mav_disturbance_observer/lib/python3/dist-packages/mav_disturbance_observer/cfg/KFDisturbanceObserverConfig.py[0m
[35m[1mScanning dependencies of target geometry_msgs_generate_messages_lisp[0m
[ 10%] Built target std_msgs_generate_messages_py
[ 10%] Built target std_msgs_generate_messages_cpp
[35m[1mScanning dependencies of target trajectory_msgs_generate_messages_cpp[0m
[ 10%] Built target geometry_msgs_generate_messages_lisp
[35m[1mScanning dependencies of target actionlib_generate_messages_lisp[0m
[35m[1mScanning dependencies of target tf2_msgs_generate_messages_py[0m
Generating reconfiguration files for KFDisturbanceObserver in mav_disturbance_observer
Wrote header file in /home/jitesh/catkin_ws/devel/.private/mav_disturbance_observer/include/mav_disturbance_observer/KFDisturbanceObserverConfig.h
[ 10%] Built target trajectory_msgs_generate_messages_cpp
[ 10%] Built target actionlib_generate_messages_lisp
[35m[1mScanning dependencies of target std_msgs_generate_messages_lisp[0m
[ 10%] Built target tf2_msgs_generate_messages_py
[35m[1mScanning dependencies of target tf2_msgs_generate_messages_cpp[0m
[ 10%] Built target std_msgs_generate_messages_lisp
[35m[1mScanning dependencies of target dynamic_reconfigure_gencfg[0m
[ 10%] Built target tf2_msgs_generate_messages_cpp
[35m[1mScanning dependencies of target sensor_msgs_generate_messages_cpp[0m
[ 10%] Built target dynamic_reconfigure_gencfg
[ 10%] Built target mav_disturbance_observer_gencfg
[ 10%] Built target sensor_msgs_generate_messages_cpp
[35m[1mScanning dependencies of target nav_msgs_generate_messages_nodejs[0m
[35m[1mScanning dependencies of target actionlib_msgs_generate_messages_eus[0m
[35m[1mScanning dependencies of target rosgraph_msgs_generate_messages_py[0m
[35m[1mScanning dependencies of target rosgraph_msgs_generate_messages_lisp[0m
[ 10%] Built target nav_msgs_generate_messages_nodejs
[ 10%] Built target actionlib_msgs_generate_messages_eus
[ 10%] Built target rosgraph_msgs_generate_messages_py
[ 10%] Built target rosgraph_msgs_generate_messages_lisp
[35m[1mScanning dependencies of target geometry_msgs_generate_messages_nodejs[0m
[35m[1mScanning dependencies of target geometry_msgs_generate_messages_py[0m
[35m[1mScanning dependencies of target geometry_msgs_generate_messages_cpp[0m
[ 10%] Built target geometry_msgs_generate_messages_nodejs
[35m[1mScanning dependencies of target nav_msgs_generate_messages_py[0m
[ 10%] Built target geometry_msgs_generate_messages_cpp
[35m[1mScanning dependencies of target trajectory_msgs_generate_messages_nodejs[0m
[ 10%] Built target geometry_msgs_generate_messages_py
[ 10%] Built target trajectory_msgs_generate_messages_nodejs
[ 10%] Built target nav_msgs_generate_messages_py
[35m[1mScanning dependencies of target nav_msgs_generate_messages_cpp[0m
[35m[1mScanning dependencies of target trajectory_msgs_generate_messages_lisp[0m
[35m[1mScanning dependencies of target nav_msgs_generate_messages_eus[0m
[35m[1mScanning dependencies of target rosgraph_msgs_generate_messages_eus[0m
[ 10%] Built target nav_msgs_generate_messages_cpp
[ 10%] Built target nav_msgs_generate_messages_eus
[35m[1mScanning dependencies of target nav_msgs_generate_messages_lisp[0m
[ 10%] Built target rosgraph_msgs_generate_messages_eus
[ 10%] Built target trajectory_msgs_generate_messages_lisp
[35m[1mScanning dependencies of target actionlib_msgs_generate_messages_cpp[0m
[35m[1mScanning dependencies of target actionlib_msgs_generate_messages_py[0m
[ 10%] Built target actionlib_msgs_generate_messages_cpp
[ 10%] Built target nav_msgs_generate_messages_lisp
[35m[1mScanning dependencies of target rosgraph_msgs_generate_messages_nodejs[0m
[35m[1mScanning dependencies of target trajectory_msgs_generate_messages_eus[0m
[ 10%] Built target actionlib_msgs_generate_messages_py
[35m[1mScanning dependencies of target std_msgs_generate_messages_eus[0m
[ 10%] Built target rosgraph_msgs_generate_messages_nodejs
[ 10%] Built target std_msgs_generate_messages_eus
[35m[1mScanning dependencies of target actionlib_msgs_generate_messages_nodejs[0m
[ 10%] Built target trajectory_msgs_generate_messages_eus
[35m[1mScanning dependencies of target actionlib_generate_messages_eus[0m
[35m[1mScanning dependencies of target actionlib_msgs_generate_messages_lisp[0m
[ 10%] Built target actionlib_msgs_generate_messages_nodejs
[35m[1mScanning dependencies of target trajectory_msgs_generate_messages_py[0m
[ 10%] Built target actionlib_msgs_generate_messages_lisp
[ 10%] Built target actionlib_generate_messages_eus
[35m[1mScanning dependencies of target rosgraph_msgs_generate_messages_cpp[0m
[35m[1mScanning dependencies of target mav_disturbance_observer_generate_messages_lisp[0m
[ 10%] Built target trajectory_msgs_generate_messages_py
[ 10%] Built target rosgraph_msgs_generate_messages_cpp
[35m[1mScanning dependencies of target mav_disturbance_observer_generate_messages_cpp[0m
[ 20%] [34m[1mGenerating Lisp code from mav_disturbance_observer/ObserverState.msg[0m
[ 30%] [34m[1mGenerating C++ code from mav_disturbance_observer/ObserverState.msg[0m
[35m[1mScanning dependencies of target mav_disturbance_observer_generate_messages_eus[0m
[35m[1mScanning dependencies of target mav_disturbance_observer_generate_messages_nodejs[0m
[ 50%] [34m[1mGenerating EusLisp code from mav_disturbance_observer/ObserverState.msg[0m
[ 50%] [34m[1mGenerating Javascript code from mav_disturbance_observer/ObserverState.msg[0m
[ 50%] Built target mav_disturbance_observer_generate_messages_lisp
[ 60%] [34m[1mGenerating EusLisp manifest code for mav_disturbance_observer[0m
[ 60%] Built target mav_disturbance_observer_generate_messages_nodejs
[35m[1mScanning dependencies of target mav_disturbance_observer_generate_messages_py[0m
[ 70%] [34m[1mGenerating Python from MSG mav_disturbance_observer/ObserverState[0m
[ 70%] Built target mav_disturbance_observer_generate_messages_cpp
[ 80%] [34m[1mGenerating Python msg __init__.py for mav_disturbance_observer[0m
[ 80%] Built target mav_disturbance_observer_generate_messages_py
[ 80%] Built target mav_disturbance_observer_generate_messages_eus
[35m[1mScanning dependencies of target KFDisturbanceObserverLibrary[0m
[35m[1mScanning dependencies of target mav_disturbance_observer_generate_messages[0m
[ 80%] Built target mav_disturbance_observer_generate_messages
[ 90%] [32mBuilding CXX object CMakeFiles/KFDisturbanceObserverLibrary.dir/src/KF_disturbance_observer.cpp.o[0m
[100%] [32m[1mLinking CXX shared library /home/jitesh/catkin_ws/devel/.private/mav_disturbance_observer/lib/libKFDisturbanceObserverLibrary.so[0m
[100%] Built target KFDisturbanceObserverLibrary
