[35m[1mScanning dependencies of target visualization_msgs_generate_messages_lisp[0m
[35m[1mScanning dependencies of target mav_disturbance_observer_generate_messages_lisp[0m
[35m[1mScanning dependencies of target std_srvs_generate_messages_lisp[0m
[35m[1mScanning dependencies of target visualization_msgs_generate_messages_nodejs[0m
[35m[1mScanning dependencies of target tf_generate_messages_nodejs[0m
[35m[1mScanning dependencies of target std_srvs_generate_messages_eus[0m
[35m[1mScanning dependencies of target mav_nonlinear_mpc_gencfg[0m
[35m[1mScanning dependencies of target visualization_msgs_generate_messages_py[0m
[35m[1mScanning dependencies of target std_srvs_generate_messages_nodejs[0m
[  0%] Built target visualization_msgs_generate_messages_lisp
[35m[1mScanning dependencies of target tf2_msgs_generate_messages_nodejs[0m
[  5%] Built target mav_disturbance_observer_generate_messages_lisp
[  5%] [34m[1mGenerating dynamic reconfigure files from cfg/NonLinearMPC.cfg: /home/jitesh/catkin_ws/devel/.private/mav_nonlinear_mpc/include/mav_nonlinear_mpc/NonLinearMPCConfig.h /home/jitesh/catkin_ws/devel/.private/mav_nonlinear_mpc/lib/python3/dist-packages/mav_nonlinear_mpc/cfg/NonLinearMPCConfig.py[0m
[  5%] Built target tf_generate_messages_nodejs
[  5%] Built target std_srvs_generate_messages_lisp
[  5%] Built target std_srvs_generate_messages_eus
[  5%] Built target visualization_msgs_generate_messages_nodejs
[  5%] Built target tf2_msgs_generate_messages_nodejs
[35m[1mScanning dependencies of target tf2_msgs_generate_messages_eus[0m
[35m[1mScanning dependencies of target actionlib_generate_messages_nodejs[0m
[35m[1mScanning dependencies of target actionlib_generate_messages_py[0m
[  5%] Built target visualization_msgs_generate_messages_py
[  5%] Built target std_srvs_generate_messages_nodejs
[35m[1mScanning dependencies of target tf2_msgs_generate_messages_lisp[0m
[35m[1mScanning dependencies of target sensor_msgs_generate_messages_nodejs[0m
[  5%] Built target tf2_msgs_generate_messages_eus
[  5%] Built target actionlib_generate_messages_nodejs
[35m[1mScanning dependencies of target mav_disturbance_observer_generate_messages_eus[0m
[  5%] Built target actionlib_generate_messages_py
[35m[1mScanning dependencies of target sensor_msgs_generate_messages_lisp[0m
[35m[1mScanning dependencies of target sensor_msgs_generate_messages_py[0m
[35m[1mScanning dependencies of target visualization_msgs_generate_messages_cpp[0m
[  5%] Built target tf2_msgs_generate_messages_lisp
[35m[1mScanning dependencies of target sensor_msgs_generate_messages_eus[0m
[  5%] Built target sensor_msgs_generate_messages_nodejs
[35m[1mScanning dependencies of target trajectory_msgs_generate_messages_lisp[0m
[  5%] Built target sensor_msgs_generate_messages_py
[  5%] Built target visualization_msgs_generate_messages_cpp
[  5%] Built target mav_disturbance_observer_generate_messages_eus
[  5%] Built target sensor_msgs_generate_messages_eus
[  5%] Built target sensor_msgs_generate_messages_lisp
[35m[1mScanning dependencies of target nav_msgs_generate_messages_cpp[0m
[  5%] Built target trajectory_msgs_generate_messages_lisp
[35m[1mScanning dependencies of target visualization_msgs_generate_messages_eus[0m
[35m[1mScanning dependencies of target std_srvs_generate_messages_py[0m
[35m[1mScanning dependencies of target rosgraph_msgs_generate_messages_eus[0m
[35m[1mScanning dependencies of target geometry_msgs_generate_messages_py[0m
[  5%] Built target nav_msgs_generate_messages_cpp
[35m[1mScanning dependencies of target mav_disturbance_observer_gencfg[0m
[35m[1mScanning dependencies of target geometry_msgs_generate_messages_cpp[0m
[35m[1mScanning dependencies of target geometry_msgs_generate_messages_eus[0m
[  5%] Built target visualization_msgs_generate_messages_eus
[35m[1mScanning dependencies of target std_msgs_generate_messages_nodejs[0m
Generating reconfiguration files for NonLinearMPC in mav_nonlinear_mpc
[  5%] Built target rosgraph_msgs_generate_messages_eus
Wrote header file in /home/jitesh/catkin_ws/devel/.private/mav_nonlinear_mpc/include/mav_nonlinear_mpc/NonLinearMPCConfig.h
[  5%] Built target std_srvs_generate_messages_py
[  5%] Built target geometry_msgs_generate_messages_cpp
[  5%] Built target geometry_msgs_generate_messages_py
[35m[1mScanning dependencies of target std_msgs_generate_messages_py[0m
[  5%] Built target geometry_msgs_generate_messages_eus
[  5%] Built target mav_disturbance_observer_gencfg
[  5%] Built target std_msgs_generate_messages_nodejs
[35m[1mScanning dependencies of target geometry_msgs_generate_messages_lisp[0m
[35m[1mScanning dependencies of target roscpp_generate_messages_lisp[0m
[35m[1mScanning dependencies of target tf_generate_messages_cpp[0m
[35m[1mScanning dependencies of target actionlib_generate_messages_lisp[0m
[35m[1mScanning dependencies of target mav_disturbance_observer_generate_messages_nodejs[0m
[35m[1mScanning dependencies of target trajectory_msgs_generate_messages_nodejs[0m
[  5%] Built target std_msgs_generate_messages_py
[  5%] Built target geometry_msgs_generate_messages_lisp
[35m[1mScanning dependencies of target trajectory_msgs_generate_messages_eus[0m
[  5%] Built target mav_disturbance_observer_generate_messages_nodejs
[  5%] Built target actionlib_generate_messages_lisp
[  5%] Built target roscpp_generate_messages_lisp
[  5%] Built target trajectory_msgs_generate_messages_nodejs
[35m[1mScanning dependencies of target roscpp_generate_messages_py[0m
[  5%] Built target tf_generate_messages_cpp
[  5%] Built target trajectory_msgs_generate_messages_eus
[35m[1mScanning dependencies of target std_msgs_generate_messages_lisp[0m
[35m[1mScanning dependencies of target std_srvs_generate_messages_cpp[0m
[35m[1mScanning dependencies of target dynamic_reconfigure_generate_messages_py[0m
[35m[1mScanning dependencies of target mav_msgs_generate_messages_lisp[0m
[35m[1mScanning dependencies of target std_msgs_generate_messages_cpp[0m
[35m[1mScanning dependencies of target actionlib_msgs_generate_messages_eus[0m
[  5%] Built target roscpp_generate_messages_py
[35m[1mScanning dependencies of target rosgraph_msgs_generate_messages_py[0m
[35m[1mScanning dependencies of target rosgraph_msgs_generate_messages_lisp[0m
[  5%] Built target dynamic_reconfigure_generate_messages_py
[  5%] Built target std_msgs_generate_messages_lisp
[  5%] Built target mav_nonlinear_mpc_gencfg
[  5%] Built target actionlib_msgs_generate_messages_eus
[  5%] Built target std_msgs_generate_messages_cpp
[  5%] Built target std_srvs_generate_messages_cpp
[  5%] Built target mav_msgs_generate_messages_lisp
[35m[1mScanning dependencies of target tf_generate_messages_eus[0m
[  5%] Built target rosgraph_msgs_generate_messages_lisp
[35m[1mScanning dependencies of target actionlib_generate_messages_cpp[0m
[35m[1mScanning dependencies of target roscpp_generate_messages_cpp[0m
[  5%] Built target rosgraph_msgs_generate_messages_py
[35m[1mScanning dependencies of target nav_msgs_generate_messages_eus[0m
[35m[1mScanning dependencies of target mav_msgs_generate_messages_py[0m
[  5%] Built target tf_generate_messages_eus
[35m[1mScanning dependencies of target trajectory_msgs_generate_messages_cpp[0m
[35m[1mScanning dependencies of target std_msgs_generate_messages_eus[0m
[35m[1mScanning dependencies of target mav_msgs_generate_messages_nodejs[0m
[35m[1mScanning dependencies of target tf_generate_messages_py[0m
[35m[1mScanning dependencies of target actionlib_msgs_generate_messages_lisp[0m
[  5%] Built target roscpp_generate_messages_cpp
[  5%] Built target nav_msgs_generate_messages_eus
[  5%] Built target mav_msgs_generate_messages_py
[  5%] Built target trajectory_msgs_generate_messages_cpp
[35m[1mScanning dependencies of target actionlib_msgs_generate_messages_nodejs[0m
[  5%] Built target mav_msgs_generate_messages_nodejs
[  5%] Built target actionlib_generate_messages_cpp
[  5%] Built target actionlib_msgs_generate_messages_lisp
[  5%] Built target tf_generate_messages_py
[  5%] Built target std_msgs_generate_messages_eus
[35m[1mScanning dependencies of target actionlib_msgs_generate_messages_cpp[0m
[35m[1mScanning dependencies of target actionlib_msgs_generate_messages_py[0m
[35m[1mScanning dependencies of target nav_msgs_generate_messages_lisp[0m
[35m[1mScanning dependencies of target rosgraph_msgs_generate_messages_nodejs[0m
[35m[1mScanning dependencies of target actionlib_generate_messages_eus[0m
[35m[1mScanning dependencies of target trajectory_msgs_generate_messages_py[0m
[35m[1mScanning dependencies of target roscpp_generate_messages_nodejs[0m
[  5%] Built target actionlib_msgs_generate_messages_nodejs
[35m[1mScanning dependencies of target mav_disturbance_observer_generate_messages_cpp[0m
[  5%] Built target rosgraph_msgs_generate_messages_nodejs
[  5%] Built target actionlib_msgs_generate_messages_cpp
[  5%] Built target nav_msgs_generate_messages_lisp
[  5%] Built target actionlib_msgs_generate_messages_py
[35m[1mScanning dependencies of target roscpp_generate_messages_eus[0m
[  5%] Built target roscpp_generate_messages_nodejs
[  5%] Built target trajectory_msgs_generate_messages_py
[35m[1mScanning dependencies of target rosgraph_msgs_generate_messages_cpp[0m
[  5%] Built target mav_disturbance_observer_generate_messages_cpp
[35m[1mScanning dependencies of target mav_disturbance_observer_generate_messages_py[0m
[35m[1mScanning dependencies of target mav_msgs_generate_messages_cpp[0m
[35m[1mScanning dependencies of target dynamic_reconfigure_generate_messages_cpp[0m
[  5%] Built target actionlib_generate_messages_eus
[35m[1mScanning dependencies of target tf_generate_messages_lisp[0m
[35m[1mScanning dependencies of target geometry_msgs_generate_messages_nodejs[0m
[35m[1mScanning dependencies of target nav_msgs_generate_messages_py[0m
[  5%] Built target roscpp_generate_messages_eus
[35m[1mScanning dependencies of target mav_msgs_generate_messages_eus[0m
[  5%] Built target dynamic_reconfigure_generate_messages_cpp
[  5%] Built target rosgraph_msgs_generate_messages_cpp
[  5%] Built target mav_msgs_generate_messages_cpp
[  5%] Built target mav_disturbance_observer_generate_messages_py
[  5%] Built target nav_msgs_generate_messages_py
[  5%] Built target geometry_msgs_generate_messages_nodejs
[  5%] Built target tf_generate_messages_lisp
[35m[1mScanning dependencies of target dynamic_reconfigure_generate_messages_eus[0m
[35m[1mScanning dependencies of target dynamic_reconfigure_gencfg[0m
[35m[1mScanning dependencies of target dynamic_reconfigure_generate_messages_lisp[0m
[35m[1mScanning dependencies of target tf2_msgs_generate_messages_cpp[0m
[35m[1mScanning dependencies of target tf2_msgs_generate_messages_py[0m
[  5%] Built target mav_msgs_generate_messages_eus
[35m[1mScanning dependencies of target dynamic_reconfigure_generate_messages_nodejs[0m
[35m[1mScanning dependencies of target sensor_msgs_generate_messages_cpp[0m
[35m[1mScanning dependencies of target nav_msgs_generate_messages_nodejs[0m
[  5%] Built target dynamic_reconfigure_generate_messages_eus
[  5%] Built target tf2_msgs_generate_messages_py
[  5%] Built target dynamic_reconfigure_generate_messages_nodejs
[  5%] Built target dynamic_reconfigure_gencfg
[  5%] Built target dynamic_reconfigure_generate_messages_lisp
[  5%] Built target tf2_msgs_generate_messages_cpp
[  5%] Built target sensor_msgs_generate_messages_cpp
[  5%] Built target nav_msgs_generate_messages_nodejs
[35m[1mScanning dependencies of target mav_nonlinear_mpc_lib[0m
[ 21%] [32mBuilding CXX object CMakeFiles/mav_nonlinear_mpc_lib.dir/solver/qpoases/SRC/Indexlist.cpp.o[0m
[ 21%] [32mBuilding CXX object CMakeFiles/mav_nonlinear_mpc_lib.dir/src/nonlinear_mpc.cc.o[0m
[ 21%] [32mBuilding CXX object CMakeFiles/mav_nonlinear_mpc_lib.dir/solver/qpoases/SRC/MessageHandling.cpp.o[0m
[ 26%] [32mBuilding CXX object CMakeFiles/mav_nonlinear_mpc_lib.dir/solver/qpoases/SRC/Constraints.cpp.o[0m
[ 31%] [32mBuilding CXX object CMakeFiles/mav_nonlinear_mpc_lib.dir/solver/qpoases/SRC/Bounds.cpp.o[0m
[ 36%] [32mBuilding CXX object CMakeFiles/mav_nonlinear_mpc_lib.dir/solver/qpoases/SRC/QProblemB.cpp.o[0m
[ 42%] [32mBuilding CXX object CMakeFiles/mav_nonlinear_mpc_lib.dir/solver/qpoases/SRC/SubjectTo.cpp.o[0m
[ 47%] [32mBuilding CXX object CMakeFiles/mav_nonlinear_mpc_lib.dir/solver/qpoases/SRC/QProblem.cpp.o[0m
[ 52%] [32mBuilding CXX object CMakeFiles/mav_nonlinear_mpc_lib.dir/solver/qpoases/SRC/CyclingManager.cpp.o[0m
[ 57%] [32mBuilding CXX object CMakeFiles/mav_nonlinear_mpc_lib.dir/solver/qpoases/SRC/Utils.cpp.o[0m
[ 63%] [32mBuilding CXX object CMakeFiles/mav_nonlinear_mpc_lib.dir/solver/acado_qpoases_interface.cpp.o[0m
[ 68%] [32mBuilding CXX object CMakeFiles/mav_nonlinear_mpc_lib.dir/solver/qpoases/SRC/EXTRAS/SolutionAnalysis.cpp.o[0m
[ 73%] [32mBuilding C object CMakeFiles/mav_nonlinear_mpc_lib.dir/solver/acado_integrator.c.o[0m
[ 78%] [32mBuilding C object CMakeFiles/mav_nonlinear_mpc_lib.dir/solver/acado_solver.c.o[0m
[ 84%] [32mBuilding C object CMakeFiles/mav_nonlinear_mpc_lib.dir/solver/acado_auxiliary_functions.c.o[0m
[ 89%] [32m[1mLinking CXX shared library /home/jitesh/catkin_ws/devel/.private/mav_nonlinear_mpc/lib/libmav_nonlinear_mpc_lib.so[0m
[ 89%] Built target mav_nonlinear_mpc_lib
[35m[1mScanning dependencies of target nonlinear_mpc_node[0m
[ 94%] [32mBuilding CXX object CMakeFiles/nonlinear_mpc_node.dir/src/nonlinear_mpc_node.cc.o[0m
[100%] [32m[1mLinking CXX executable /home/jitesh/catkin_ws/devel/.private/mav_nonlinear_mpc/lib/mav_nonlinear_mpc/nonlinear_mpc_node[0m
[100%] Built target nonlinear_mpc_node
