Determining if the function sgemm_ exists failed with the following output:
Change Dir: /home/jitesh/catkin_ws/build/mav_nonlinear_mpc/CMakeFiles/CMakeTmp

Run Build Command(s):/usr/bin/make cmTC_93f1b/fast && /usr/bin/make -f CMakeFiles/cmTC_93f1b.dir/build.make CMakeFiles/cmTC_93f1b.dir/build
make[1]: Entering directory '/home/jitesh/catkin_ws/build/mav_nonlinear_mpc/CMakeFiles/CMakeTmp'
Building C object CMakeFiles/cmTC_93f1b.dir/CheckFunctionExists.c.o
/usr/bin/cc   -DCHECK_FUNCTION_EXISTS=sgemm_   -o CMakeFiles/cmTC_93f1b.dir/CheckFunctionExists.c.o   -c /usr/share/cmake-3.16/Modules/CheckFunctionExists.c
Linking C executable cmTC_93f1b
/usr/bin/cmake -E cmake_link_script CMakeFiles/cmTC_93f1b.dir/link.txt --verbose=1
/usr/bin/cc  -DCHECK_FUNCTION_EXISTS=sgemm_    -rdynamic CMakeFiles/cmTC_93f1b.dir/CheckFunctionExists.c.o  -o cmTC_93f1b 
/usr/bin/ld: CMakeFiles/cmTC_93f1b.dir/CheckFunctionExists.c.o: in function `main':
CheckFunctionExists.c:(.text+0x14): undefined reference to `sgemm_'
collect2: error: ld returned 1 exit status
make[1]: *** [CMakeFiles/cmTC_93f1b.dir/build.make:87: cmTC_93f1b] Error 1
make[1]: Leaving directory '/home/jitesh/catkin_ws/build/mav_nonlinear_mpc/CMakeFiles/CMakeTmp'
make: *** [Makefile:121: cmTC_93f1b/fast] Error 2



Performing C SOURCE FILE Test CMAKE_HAVE_LIBC_PTHREAD failed with the following output:
Change Dir: /home/jitesh/catkin_ws/build/mav_nonlinear_mpc/CMakeFiles/CMakeTmp

Run Build Command(s):/usr/bin/make cmTC_1ae31/fast && /usr/bin/make -f CMakeFiles/cmTC_1ae31.dir/build.make CMakeFiles/cmTC_1ae31.dir/build
make[1]: Entering directory '/home/jitesh/catkin_ws/build/mav_nonlinear_mpc/CMakeFiles/CMakeTmp'
Building C object CMakeFiles/cmTC_1ae31.dir/src.c.o
/usr/bin/cc   -DCMAKE_HAVE_LIBC_PTHREAD   -o CMakeFiles/cmTC_1ae31.dir/src.c.o   -c /home/jitesh/catkin_ws/build/mav_nonlinear_mpc/CMakeFiles/CMakeTmp/src.c
Linking C executable cmTC_1ae31
/usr/bin/cmake -E cmake_link_script CMakeFiles/cmTC_1ae31.dir/link.txt --verbose=1
/usr/bin/cc  -DCMAKE_HAVE_LIBC_PTHREAD    -rdynamic CMakeFiles/cmTC_1ae31.dir/src.c.o  -o cmTC_1ae31 
/usr/bin/ld: CMakeFiles/cmTC_1ae31.dir/src.c.o: in function `main':
src.c:(.text+0x46): undefined reference to `pthread_create'
/usr/bin/ld: src.c:(.text+0x52): undefined reference to `pthread_detach'
/usr/bin/ld: src.c:(.text+0x63): undefined reference to `pthread_join'
collect2: error: ld returned 1 exit status
make[1]: *** [CMakeFiles/cmTC_1ae31.dir/build.make:87: cmTC_1ae31] Error 1
make[1]: Leaving directory '/home/jitesh/catkin_ws/build/mav_nonlinear_mpc/CMakeFiles/CMakeTmp'
make: *** [Makefile:121: cmTC_1ae31/fast] Error 2


Source file was:
#include <pthread.h>

void* test_func(void* data)
{
  return data;
}

int main(void)
{
  pthread_t thread;
  pthread_create(&thread, NULL, test_func, NULL);
  pthread_detach(thread);
  pthread_join(thread, NULL);
  pthread_atfork(NULL, NULL, NULL);
  pthread_exit(NULL);

  return 0;
}

Determining if the function pthread_create exists in the pthreads failed with the following output:
Change Dir: /home/jitesh/catkin_ws/build/mav_nonlinear_mpc/CMakeFiles/CMakeTmp

Run Build Command(s):/usr/bin/make cmTC_eadb8/fast && /usr/bin/make -f CMakeFiles/cmTC_eadb8.dir/build.make CMakeFiles/cmTC_eadb8.dir/build
make[1]: Entering directory '/home/jitesh/catkin_ws/build/mav_nonlinear_mpc/CMakeFiles/CMakeTmp'
Building C object CMakeFiles/cmTC_eadb8.dir/CheckFunctionExists.c.o
/usr/bin/cc   -DCHECK_FUNCTION_EXISTS=pthread_create   -o CMakeFiles/cmTC_eadb8.dir/CheckFunctionExists.c.o   -c /usr/share/cmake-3.16/Modules/CheckFunctionExists.c
Linking C executable cmTC_eadb8
/usr/bin/cmake -E cmake_link_script CMakeFiles/cmTC_eadb8.dir/link.txt --verbose=1
/usr/bin/cc  -DCHECK_FUNCTION_EXISTS=pthread_create    -rdynamic CMakeFiles/cmTC_eadb8.dir/CheckFunctionExists.c.o  -o cmTC_eadb8  -lpthreads 
/usr/bin/ld: cannot find -lpthreads
collect2: error: ld returned 1 exit status
make[1]: *** [CMakeFiles/cmTC_eadb8.dir/build.make:87: cmTC_eadb8] Error 1
make[1]: Leaving directory '/home/jitesh/catkin_ws/build/mav_nonlinear_mpc/CMakeFiles/CMakeTmp'
make: *** [Makefile:121: cmTC_eadb8/fast] Error 2



Determining if the function cheev_ exists failed with the following output:
Change Dir: /home/jitesh/catkin_ws/build/mav_nonlinear_mpc/CMakeFiles/CMakeTmp

Run Build Command(s):/usr/bin/make cmTC_1b477/fast && /usr/bin/make -f CMakeFiles/cmTC_1b477.dir/build.make CMakeFiles/cmTC_1b477.dir/build
make[1]: Entering directory '/home/jitesh/catkin_ws/build/mav_nonlinear_mpc/CMakeFiles/CMakeTmp'
Building C object CMakeFiles/cmTC_1b477.dir/CheckFunctionExists.c.o
/usr/bin/cc   -DCHECK_FUNCTION_EXISTS=cheev_   -o CMakeFiles/cmTC_1b477.dir/CheckFunctionExists.c.o   -c /usr/share/cmake-3.16/Modules/CheckFunctionExists.c
Linking C executable cmTC_1b477
/usr/bin/cmake -E cmake_link_script CMakeFiles/cmTC_1b477.dir/link.txt --verbose=1
/usr/bin/cc  -DCHECK_FUNCTION_EXISTS=cheev_    -rdynamic CMakeFiles/cmTC_1b477.dir/CheckFunctionExists.c.o  -o cmTC_1b477  /usr/lib/x86_64-linux-gnu/libblas.so 
/usr/bin/ld: CMakeFiles/cmTC_1b477.dir/CheckFunctionExists.c.o: in function `main':
CheckFunctionExists.c:(.text+0x14): undefined reference to `cheev_'
collect2: error: ld returned 1 exit status
make[1]: *** [CMakeFiles/cmTC_1b477.dir/build.make:88: cmTC_1b477] Error 1
make[1]: Leaving directory '/home/jitesh/catkin_ws/build/mav_nonlinear_mpc/CMakeFiles/CMakeTmp'
make: *** [Makefile:121: cmTC_1b477/fast] Error 2



